<?xml version="1.0" encoding="utf-8"?><testsuites name="pytest tests"><testsuite name="pytest" errors="0" failures="0" skipped="0" tests="20" time="2.972" timestamp="2026-01-11T14:26:14.527666+03:00" hostname="DESKTOP-JM1SNRH"><testcase classname="tests.test_admin_auth" name="test_admin_requires_token_and_login" time="0.062" /><testcase classname="tests.test_admin_manage" name="test_create_and_use_db_admin" time="0.165" /><testcase classname="tests.test_admin_ui" name="test_admin_dashboard_and_list" time="0.044" /><testcase classname="tests.test_admin_ui" name="test_investigation_detail_flow" time="0.949" /><testcase classname="tests.test_api_investigations" name="test_create_and_export" time="0.022" /><testcase classname="tests.test_bundlr_stub" name="test_bundlr_requires_config" time="0.001" /><testcase classname="tests.test_bundlr_stub" name="test_bundlr_delegation" time="0.011" /><testcase classname="tests.test_cli_export" name="test_cli_export_json" time="0.069" /><testcase classname="tests.test_cli_graph_export" name="test_cli_graph_export" time="0.077" /><testcase classname="tests.test_db" name="test_db_init_and_insert" time="0.054" /><testcase classname="tests.test_etherscan_fetcher" name="test_fetch_requires_api_key" time="0.001" /><testcase classname="tests.test_graph_export" name="test_graph_export_png" time="0.081" /><testcase classname="tests.test_graph_export" name="test_graph_export_svg" time="0.058" /><testcase classname="tests.test_ipfs_stub" name="test_ipfs_upload_raises_when_no_method" time="0.013" /><testcase classname="tests.test_ipfs_stub" name="test_ipfs_upload_pinata" time="0.012" /><testcase classname="tests.test_main" name="test_analyze_nonexistent_file" time="0.003" /><testcase classname="tests.test_main_address" name="test_main_fetches_contract_and_runs_analysis" time="0.003" /><testcase classname="tests.test_pdf_export" name="test_pdf_export_monkeypatched_weasyprint" time="0.103" /><testcase classname="tests.test_trace_analyzer" name="test_missing_api_key_raises" time="0.001" /><testcase classname="tests.test_trace_analyzer_store" name="test_analyze_and_store" time="0.084" /></testsuite></testsuites>